/home/guohuajiaohuazi/anaconda3/lib/python3.6/site-packages/sklearn/cross_validation.py:41: DeprecationWarning: This module was deprecated in version 0.18 in favor of the model_selection module into which all the refactored classes and functions are moved. Also note that the interface of the new CV iterators are different from that of this module. This module will be removed in 0.20.
  "This module will be removed in 0.20.", DeprecationWarning)
/home/guohuajiaohuazi/anaconda3/lib/python3.6/site-packages/lightgbm/basic.py:1036: UserWarning: Using categorical_feature in Dataset.
  warnings.warn('Using categorical_feature in Dataset.')
/home/guohuajiaohuazi/anaconda3/lib/python3.6/site-packages/lightgbm/basic.py:681: UserWarning: categorical_feature in param dict is overridden.
  warnings.warn('categorical_feature in param dict is overridden.')
loading train data... 144903890 184903890
loading test data...
Extracting new features...
(40000000, 9)
shape of train:  (40000000, 9)
shape of test:  (18790469, 9)
selcols ['ip', 'channel'] QQ 4
selcols ['ip', 'device', 'os', 'app'] QQ 4
selcols ['ip', 'app', 'device', 'os'] QQ NC
selcols ['device', 'os'] QQ 4
variables and data type: 
<class 'pandas.core.frame.DataFrame'>
Int64Index: 58790469 entries, 0 to 58790468
Data columns (total 14 columns):
app                    uint16
channel                uint16
channel_confRate       float64
click_id               float64
click_time             int32
device                 uint16
hour                   uint8
ip                     uint32
is_attributed          float64
os                     uint16
ip_channel_4           int64
ip_device_os_app_4     int64
ip_app_device_os_NC    float32
device_os_4            int64
dtypes: float32(1), float64(3), int32(1), int64(3), uint16(4), uint32(1), uint8(1)
memory usage: 4.2 GB
predictors ['channel_confRate', 'ip_channel_4', 'ip_device_os_app_4', 'ip_app_device_os_NC', 'device_os_4', 'ip', 'app', 'os', 'channel', 'device', 'hour']
train size:  30000000
valid size:  10000000
test size :  18790469
Training...
preparing validation datasets
Training until validation scores don't improve for 30 rounds.
[10]	train's auc: 0.961628	valid's auc: 0.966856
[20]	train's auc: 0.967202	valid's auc: 0.970179
[30]	train's auc: 0.970582	valid's auc: 0.972526
[40]	train's auc: 0.972543	valid's auc: 0.974408
[50]	train's auc: 0.974493	valid's auc: 0.976409
[60]	train's auc: 0.975899	valid's auc: 0.977797
[70]	train's auc: 0.976943	valid's auc: 0.978929
[80]	train's auc: 0.977695	valid's auc: 0.979637
[90]	train's auc: 0.978278	valid's auc: 0.980055
[100]	train's auc: 0.978703	valid's auc: 0.980391
[110]	train's auc: 0.979062	valid's auc: 0.980742
[120]	train's auc: 0.979383	valid's auc: 0.981017
[130]	train's auc: 0.979695	valid's auc: 0.98122
[140]	train's auc: 0.979929	valid's auc: 0.981381
[150]	train's auc: 0.980169	valid's auc: 0.981589
[160]	train's auc: 0.980444	valid's auc: 0.98184
[170]	train's auc: 0.980606	valid's auc: 0.981753
[180]	train's auc: 0.980764	valid's auc: 0.981912
[190]	train's auc: 0.980894	valid's auc: 0.981999
[200]	train's auc: 0.981046	valid's auc: 0.981955
[210]	train's auc: 0.981169	valid's auc: 0.98201
[220]	train's auc: 0.981295	valid's auc: 0.982154
[230]	train's auc: 0.981413	valid's auc: 0.982213
[240]	train's auc: 0.981502	valid's auc: 0.982195
[250]	train's auc: 0.981603	valid's auc: 0.982272
[260]	train's auc: 0.981676	valid's auc: 0.982257
[270]	train's auc: 0.981785	valid's auc: 0.982356
[280]	train's auc: 0.981872	valid's auc: 0.982357
[290]	train's auc: 0.98196	valid's auc: 0.982433
[300]	train's auc: 0.982019	valid's auc: 0.982443
[310]	train's auc: 0.982088	valid's auc: 0.982453
[320]	train's auc: 0.982149	valid's auc: 0.982473
[330]	train's auc: 0.982215	valid's auc: 0.982535
[340]	train's auc: 0.982294	valid's auc: 0.982556
[350]	train's auc: 0.982361	valid's auc: 0.982582
[360]	train's auc: 0.982411	valid's auc: 0.982603
[370]	train's auc: 0.982461	valid's auc: 0.982623
[380]	train's auc: 0.982521	valid's auc: 0.982632
[390]	train's auc: 0.982565	valid's auc: 0.982632
[400]	train's auc: 0.982619	valid's auc: 0.982695
[410]	train's auc: 0.982667	valid's auc: 0.982687
[420]	train's auc: 0.982722	valid's auc: 0.982709
[430]	train's auc: 0.982768	valid's auc: 0.982703
[440]	train's auc: 0.982816	valid's auc: 0.982727
[450]	train's auc: 0.982854	valid's auc: 0.982727
[460]	train's auc: 0.982889	valid's auc: 0.982734
[470]	train's auc: 0.982922	valid's auc: 0.982726
[480]	train's auc: 0.982961	valid's auc: 0.98271
[490]	train's auc: 0.983001	valid's auc: 0.982728
Early stopping, best iteration is:
[468]	train's auc: 0.982913	valid's auc: 0.982747

Model Report
bst1.best_iteration:  468
auc: 0.9827472864672694
[4066.3264336586]: model training time
Plot feature importances...
Predicting...
writing...
done...
